Base path: /Applications/Unity.app/Contents
Cmd: initializeCompiler
Cmd: compileComputeKernel
  api=14 insize=2059 outsize=2149 ok=1
Cmd: translateComputeKernel
  api=14 insize=2149 outsize=3977 ok=1
Cmd: translateComputeKernel
  api=14 insize=10693 outsize=18705 ok=1
Cmd: compileComputeKernel
  api=14 insize=5004 outsize=5509 ok=1
Cmd: translateComputeKernel
  api=14 insize=10793 outsize=17681 ok=1
Cmd: compileComputeKernel
  api=14 insize=9166 outsize=9705 ok=1
Cmd: compileComputeKernel
  api=14 insize=9166 outsize=9937 ok=1
Cmd: translateComputeKernel
  api=14 insize=9381 outsize=16149 ok=1
Cmd: compileComputeKernel
  api=14 insize=1470 outsize=1053 ok=1
Cmd: compileComputeKernel
  api=14 insize=2867 outsize=793 ok=1
Cmd: translateComputeKernel
  api=14 insize=1145 outsize=1433 ok=1
Cmd: compileComputeKernel
  api=14 insize=1454 outsize=1193 ok=1
Cmd: compileComputeKernel
  api=14 insize=16784 outsize=5777 ok=1
Cmd: compileComputeKernel
  api=14 insize=16784 outsize=7169 ok=1
Cmd: compileComputeKernel
  api=14 insize=16784 outsize=6377 ok=1
Cmd: compileComputeKernel
  api=14 insize=16784 outsize=7769 ok=1
Cmd: compileComputeKernel
  api=14 insize=16784 outsize=7793 ok=1
Cmd: compileComputeKernel
  api=14 insize=16784 outsize=9761 ok=1
Cmd: compileComputeKernel
  api=14 insize=16784 outsize=7997 ok=1
Cmd: compileComputeKernel
  api=14 insize=16784 outsize=9437 ok=1
Cmd: compileComputeKernel
  api=14 insize=16784 outsize=6845 ok=1
Cmd: compileComputeKernel
  api=14 insize=16784 outsize=7541 ok=1
Cmd: compileComputeKernel
  api=14 insize=16784 outsize=8621 ok=1
Cmd: compileComputeKernel
  api=14 insize=16784 outsize=7445 ok=1
Cmd: compileComputeKernel
  api=14 insize=16784 outsize=8525 ok=1
Cmd: compileComputeKernel
  api=14 insize=16784 outsize=9609 ok=1
Cmd: compileComputeKernel
  api=14 insize=16784 outsize=10705 ok=1
Cmd: compileComputeKernel
  api=14 insize=16784 outsize=8941 ok=1
Cmd: compileComputeKernel
  api=14 insize=16784 outsize=9925 ok=1
Cmd: compileComputeKernel
  api=14 insize=16784 outsize=11893 ok=1
Cmd: translateComputeKernel
  api=14 insize=6165 outsize=11025 ok=1
Cmd: translateComputeKernel
  api=14 insize=7633 outsize=13973 ok=1
Cmd: translateComputeKernel
  api=14 insize=7113 outsize=12565 ok=1
Cmd: translateComputeKernel
  api=14 insize=7301 outsize=12881 ok=1
Cmd: translateComputeKernel
  api=14 insize=9269 outsize=16937 ok=1
Cmd: translateComputeKernel
  api=14 insize=8529 outsize=15873 ok=1
Cmd: translateComputeKernel
  api=14 insize=6921 outsize=12757 ok=1
Cmd: translateComputeKernel
  api=14 insize=8001 outsize=14993 ok=1
Cmd: translateComputeKernel
  api=14 insize=9085 outsize=17017 ok=1
Cmd: translateComputeKernel
  api=14 insize=8181 outsize=14981 ok=1
Cmd: translateComputeKernel
  api=14 insize=9573 outsize=17821 ok=1
Cmd: translateComputeKernel
  api=14 insize=9301 outsize=17289 ok=1
Cmd: translateComputeKernel
  api=14 insize=11269 outsize=21305 ok=1
Cmd: translateComputeKernel
  api=14 insize=9017 outsize=17205 ok=1
Cmd: translateComputeKernel
  api=14 insize=10529 outsize=20341 ok=1
Cmd: translateComputeKernel
  api=14 insize=11969 outsize=23257 ok=1
Cmd: initializeCompiler

Quitting shader compiler process
